TN:
SF:src/card.ts
FN:57,<instance_members_initializer>
FN:82,Card
FN:100,guardarCarta
FN:142,modificarCarta
FN:162,eliminarcarta
FN:182,gestionarerrores
FNF:6
FNH:5
FNDA:18,<instance_members_initializer>
FNDA:18,Card
FNDA:5,guardarCarta
FNDA:5,modificarCarta
FNDA:7,eliminarcarta
FNDA:0,gestionarerrores
DA:1,1
DA:2,1
DA:3,1
DA:4,1
DA:5,1
DA:6,1
DA:7,1
DA:8,1
DA:9,1
DA:10,1
DA:11,1
DA:12,1
DA:13,1
DA:14,1
DA:15,1
DA:16,1
DA:17,1
DA:18,1
DA:19,1
DA:20,1
DA:21,1
DA:22,1
DA:23,1
DA:24,1
DA:25,1
DA:26,1
DA:27,1
DA:28,1
DA:29,1
DA:30,1
DA:31,1
DA:32,1
DA:33,1
DA:34,1
DA:35,1
DA:36,1
DA:37,1
DA:38,1
DA:39,1
DA:40,1
DA:41,1
DA:42,1
DA:43,1
DA:44,1
DA:45,1
DA:46,1
DA:47,1
DA:48,1
DA:49,1
DA:50,1
DA:51,1
DA:52,1
DA:53,1
DA:54,1
DA:55,1
DA:56,1
DA:57,1
DA:58,18
DA:59,18
DA:60,18
DA:61,18
DA:62,18
DA:63,18
DA:64,18
DA:65,18
DA:66,18
DA:67,18
DA:68,18
DA:69,18
DA:70,18
DA:71,18
DA:72,18
DA:73,18
DA:74,18
DA:75,18
DA:76,18
DA:77,18
DA:78,18
DA:79,18
DA:80,18
DA:81,18
DA:82,18
DA:83,18
DA:84,18
DA:85,18
DA:86,18
DA:87,18
DA:88,18
DA:89,18
DA:90,18
DA:91,18
DA:92,18
DA:93,18
DA:94,18
DA:95,18
DA:96,18
DA:97,18
DA:98,18
DA:99,18
DA:100,18
DA:101,5
DA:102,0
DA:103,0
DA:104,0
DA:105,5
DA:106,0
DA:107,0
DA:108,0
DA:109,5
DA:110,0
DA:111,0
DA:112,0
DA:113,5
DA:114,1
DA:115,1
DA:116,1
DA:117,5
DA:118,1
DA:119,1
DA:120,1
DA:121,3
DA:122,5
DA:123,0
DA:124,0
DA:125,3
DA:126,3
DA:127,5
DA:128,0
DA:129,0
DA:130,5
DA:131,3
DA:132,3
DA:133,3
DA:134,3
DA:135,3
DA:136,18
DA:137,18
DA:138,18
DA:139,18
DA:140,18
DA:141,18
DA:142,18
DA:143,5
DA:144,5
DA:145,5
DA:146,2
DA:147,2
DA:148,2
DA:149,5
DA:150,3
DA:151,3
DA:152,3
DA:153,3
DA:154,3
DA:155,3
DA:156,18
DA:157,18
DA:158,18
DA:159,18
DA:160,18
DA:161,18
DA:162,18
DA:163,7
DA:164,7
DA:165,7
DA:166,7
DA:167,3
DA:168,3
DA:169,3
DA:170,3
DA:171,7
DA:172,4
DA:173,4
DA:174,4
DA:175,4
DA:176,7
DA:177,18
DA:178,18
DA:179,18
DA:180,18
DA:181,18
DA:182,18
DA:183,0
DA:184,0
DA:185,0
DA:186,0
DA:187,0
DA:188,0
DA:189,0
DA:190,0
DA:191,0
DA:192,0
DA:193,0
DA:194,0
DA:195,0
DA:196,0
DA:197,0
DA:198,0
DA:199,0
DA:200,0
DA:201,18
LF:201
LH:170
BRDA:7,0,0,1
BRDA:17,1,0,1
BRDA:30,2,0,1
BRDA:57,3,0,18
BRDA:82,4,0,18
BRDA:100,5,0,5
BRDA:101,6,0,0
BRDA:105,7,0,0
BRDA:109,8,0,0
BRDA:113,9,0,3
BRDA:113,10,0,1
BRDA:117,11,0,4
BRDA:117,12,0,2
BRDA:117,13,0,1
BRDA:121,14,0,3
BRDA:122,15,0,0
BRDA:125,16,0,3
BRDA:127,17,0,0
BRDA:130,18,0,3
BRDA:142,19,0,5
BRDA:145,20,0,2
BRDA:149,21,0,3
BRDA:162,22,0,7
BRDA:166,23,0,3
BRDA:171,24,0,4
BRF:25
BRH:20
end_of_record
TN:
SF:src/gestioncartas.ts
FN:9,cargarCartas
FN:40,mostrarCartas
FN:69,encontrarCarta
FNF:3
FNH:3
FNDA:4,cargarCartas
FNDA:2,mostrarCartas
FNDA:2,encontrarCarta
DA:1,1
DA:2,1
DA:3,1
DA:4,1
DA:5,1
DA:6,1
DA:7,1
DA:8,1
DA:9,1
DA:10,4
DA:11,4
DA:12,4
DA:13,4
DA:14,4
DA:15,5
DA:16,5
DA:17,5
DA:18,5
DA:19,5
DA:20,5
DA:21,5
DA:22,5
DA:23,5
DA:24,5
DA:25,5
DA:26,5
DA:27,5
DA:28,5
DA:29,5
DA:30,4
DA:31,4
DA:32,4
DA:33,4
DA:34,1
DA:35,1
DA:36,1
DA:37,1
DA:38,1
DA:39,1
DA:40,1
DA:41,2
DA:42,2
DA:43,2
DA:44,2
DA:45,2
DA:46,2
DA:47,3
DA:48,3
DA:49,3
DA:50,1
DA:51,1
DA:52,3
DA:53,3
DA:54,2
DA:55,2
DA:56,3
DA:57,3
DA:58,2
DA:59,2
DA:60,2
DA:61,2
DA:62,1
DA:63,1
DA:64,1
DA:65,1
DA:66,1
DA:67,1
DA:68,1
DA:69,1
DA:70,2
DA:71,2
DA:72,2
DA:73,2
DA:74,2
DA:75,1
DA:76,1
DA:77,0
DA:78,0
DA:79,1
DA:80,1
DA:81,1
DA:82,1
DA:83,1
DA:84,1
DA:85,1
DA:86,1
DA:87,1
DA:88,1
DA:89,1
DA:90,1
DA:91,0
DA:92,0
LF:92
LH:88
BRDA:9,0,0,4
BRDA:14,1,0,5
BRDA:40,2,0,2
BRDA:46,3,0,3
BRDA:49,4,0,1
BRDA:53,5,0,2
BRDA:69,6,0,2
BRDA:74,7,0,1
BRDA:76,8,0,0
BRDA:91,9,0,0
BRDA:72,10,0,2
BRF:11
BRH:9
end_of_record
